<?xml version="1.0" encoding="utf-8"?><testsuites name="pytest tests"><testsuite name="pytest" errors="0" failures="0" skipped="0" tests="7" time="1.260" timestamp="2026-07-30T01:26:27.633647+00:00" hostname="agent-env-3abaadec-baeb-4bad-bff2-d3e4c86e0741"><testcase classname="tests.backend_test" name="test_root" time="0.241" /><testcase classname="tests.backend_test" name="test_oauth_login_redirect" time="0.051" /><testcase classname="tests.backend_test" name="test_oauth_status" time="0.067" /><testcase classname="tests.backend_test" name="test_booking_availability" time="0.052" /><testcase classname="tests.backend_test" name="test_booking_valid_slot_returns_503" time="0.097" /><testcase classname="tests.backend_test" name="test_booking_invalid_time_returns_400" time="0.118" /><testcase classname="tests.backend_test" name="test_booking_past_date_returns_400" time="0.093" /></testsuite></testsuites>