<?xml version="1.0" encoding="utf-8"?><testsuites name="pytest tests"><testsuite name="pytest" errors="0" failures="0" skipped="0" tests="7" time="0.960" timestamp="2026-07-24T02:54:21.022386+00:00" hostname="agent-env-eb197069-8e87-4dd0-8bb7-8dce104b9eff"><testcase classname="tests.test_leads_api.TestLeads" name="test_create_lead_valid" time="0.228" /><testcase classname="tests.test_leads_api.TestHealth" name="test_root" time="0.195" /><testcase classname="tests.test_leads_api.TestLeads" name="test_create_lead_invalid_email" time="0.050" /><testcase classname="tests.test_leads_api.TestLeads" name="test_create_lead_missing_required" time="0.046" /><testcase classname="tests.test_leads_api.TestLeads" name="test_create_lead_missing_single_field" time="0.043" /><testcase classname="tests.test_leads_api.TestLeads" name="test_get_leads_contains_created" time="0.045" /><testcase classname="tests.test_leads_api.TestLeads" name="test_create_optional_fields_default" time="0.046" /></testsuite></testsuites>