<?xml version="1.0" encoding="utf-8"?><testsuites name="pytest tests"><testsuite name="pytest" errors="0" failures="0" skipped="0" tests="7" time="1.718" timestamp="2026-07-30T02:54:02.189003+00:00" hostname="agent-env-3abaadec-baeb-4bad-bff2-d3e4c86e0741"><testcase classname="tests.test_webhook_first.TestSanity" name="test_root" time="0.299" /><testcase classname="tests.test_webhook_first.TestValidationBeforeWebhook" name="test_invalid_time_returns_400_and_does_not_fire_webhook" time="0.567" /><testcase classname="tests.test_webhook_first.TestSanity" name="test_availability_shape" time="0.059" /><testcase classname="tests.test_webhook_first.TestSanity" name="test_calendar_status_configured" time="0.060" /><testcase classname="tests.test_webhook_first.TestLastWebhookEndpoint" name="test_last_webhook_available_because_debug_on" time="0.062" /><testcase classname="tests.test_webhook_first.TestValidationBeforeWebhook" name="test_invalid_date_returns_400" time="0.091" /><testcase classname="tests.test_webhook_first.TestWebhookFirst" name="test_booking_returns_503_and_webhook_fired_first" time="0.523" /></testsuite></testsuites>